<?xml version="1.0" encoding="UTF-8"?>
<!-- Generated by org.testng.reporters.JUnitXMLReporter -->
<testsuite ignored="0" hostname="Bujuku" failures="1" tests="1" name="Listeners_program" time="6.693" errors="0" timestamp="2024-02-09T17:41:23 IST">
  <testcase classname="utilities.ItestListenersDemo" name="testOnListeners" time="1.376">
    <failure type="java.lang.AssertionError" message="expected [Demo Web Shop. Login] but found [Demo Web Shop]">
      <![CDATA[java.lang.AssertionError: expected [Demo Web Shop. Login] but found [Demo Web Shop]
at utilities.ItestListenersDemo.testOnListeners(ItestListenersDemo.java:41)
at java.base/java.util.ArrayList.forEach(ArrayList.java:1511)
... Removed 33 stack frames]]>
    </failure>
  </testcase> <!-- testOnListeners -->
</testsuite> <!-- Listeners_program -->
